<?xml version="1.0" encoding="UTF-8"?>
<testng-results ignored="0" total="1" passed="1" failed="0" skipped="0">
  <reporter-output>
  </reporter-output>
  <suite started-at="2024-11-25T13:02:32 IST" name="Suite" finished-at="2024-11-25T13:02:38 IST" duration-ms="5853">
    <groups>
    </groups>
    <test started-at="2024-11-25T13:02:32 IST" name="Test" finished-at="2024-11-25T13:02:38 IST" duration-ms="5853">
      <class name="com.test.Problem1">
        <test-method is-config="true" signature="setup()[pri:0, instance:com.test.Problem1@1a4927d6]" started-at="2024-11-25T13:02:28 IST" name="setup" finished-at="2024-11-25T13:02:32 IST" duration-ms="3990" status="PASS">
          <reporter-output>
          </reporter-output>
        </test-method> <!-- setup -->
        <test-method signature="testLogin(java.lang.String,java.lang.String)[pri:0, instance:com.test.Problem1@1a4927d6]" started-at="2024-11-25T13:02:32 IST" name="testLogin" finished-at="2024-11-25T13:02:38 IST" duration-ms="5782" status="PASS">
          <params>
            <param index="0">
              <value>
                <![CDATA[standard_user]]>
              </value>
            </param>
            <param index="1">
              <value>
                <![CDATA[secret_sauce]]>
              </value>
            </param>
          </params>
          <reporter-output>
          </reporter-output>
        </test-method> <!-- testLogin -->
        <test-method is-config="true" signature="tearDown()[pri:0, instance:com.test.Problem1@1a4927d6]" started-at="2024-11-25T13:02:38 IST" name="tearDown" finished-at="2024-11-25T13:02:39 IST" duration-ms="844" status="PASS">
          <reporter-output>
          </reporter-output>
        </test-method> <!-- tearDown -->
      </class> <!-- com.test.Problem1 -->
    </test> <!-- Test -->
  </suite> <!-- Suite -->
</testng-results>
